<?xml version="1.0" encoding="UTF-8"?>
<!-- Generated by org.testng.reporters.JUnitReportReporter -->
<testsuite hostname="LAPTOP-F5C4QKDE" failures="0" tests="5" name="tcsionProject.Stage2.TestLogin2" time="36.891" errors="0" timestamp="2022-05-10T19:44:06 IST" skipped="0">
  <testcase classname="tcsionProject.Stage2.TestLogin2" name="logindemo2" time="4.037"/>
  <system-out/>
  <testcase classname="tcsionProject.Stage2.TestLogin2" name="invalidLoginTC001" time="8.532"/>
  <system-out/>
  <testcase classname="tcsionProject.Stage2.TestLogin2" name="invalidLoginTC002" time="7.158"/>
  <system-out/>
  <testcase classname="tcsionProject.Stage2.TestLogin2" name="invalidLoginTC003" time="9.970"/>
  <system-out/>
  <testcase classname="tcsionProject.Stage2.TestLogin2" name="validLoginTC004" time="7.194"/>
  <system-out/>
</testsuite> <!-- tcsionProject.Stage2.TestLogin2 -->
