<?xml version="1.0" encoding="UTF-8"?>
<!-- Generated by org.testng.reporters.JUnitReportReporter -->
<testsuite hostname="LAPTOP-F5C4QKDE" failures="0" tests="5" name="tcsionProject.Stage3.TestLogin3" time="40.630" errors="0" timestamp="2022-05-12T15:30:32 IST" skipped="0">
  <testcase classname="tcsionProject.Stage3.TestLogin3" name="logindemo3" time="3.610"/>
  <system-out/>
  <testcase classname="tcsionProject.Stage3.TestLogin3" name="invalidLoginTC001" time="8.632"/>
  <system-out/>
  <testcase classname="tcsionProject.Stage3.TestLogin3" name="invalidLoginTC002" time="6.237"/>
  <system-out/>
  <testcase classname="tcsionProject.Stage3.TestLogin3" name="invalidLoginTC003" time="6.258"/>
  <system-out/>
  <testcase classname="tcsionProject.Stage3.TestLogin3" name="validLoginTC004" time="15.893"/>
  <system-out/>
</testsuite> <!-- tcsionProject.Stage3.TestLogin3 -->
