<?xml version="1.0" encoding="UTF-8"?>
<!-- Generated by org.testng.reporters.JUnitReportReporter -->
<testsuite hostname="LAPTOP-F5C4QKDE" failures="0" tests="3" name="tcsionProject.Stage4.TestLanding4" time="17.854" errors="0" timestamp="2022-04-29T15:40:35 IST" skipped="0">
  <testcase classname="tcsionProject.Stage4.TestLanding4" name="VerifyDash" time="5.250"/>
  <system-out/>
  <testcase classname="tcsionProject.Stage4.TestLanding4" name="Verifytour4" time="10.235"/>
  <system-out/>
  <testcase classname="tcsionProject.Stage4.TestLanding4" name="Verifybooking4" time="2.369"/>
  <system-out/>
</testsuite> <!-- tcsionProject.Stage4.TestLanding4 -->
