<?xml version="1.0" encoding="UTF-8"?>
<!-- Generated by org.testng.reporters.JUnitReportReporter -->
<testsuite hostname="LAPTOP-F5C4QKDE" failures="0" tests="6" name="tcsionProject.Stage3.TestBookings3" time="0.000" errors="0" timestamp="2022-05-11T14:35:21 IST" skipped="6">
  <testcase classname="tcsionProject.Stage3.TestBookings3" name="BookingsBtn" time="0.000">
    <skipped/>
  </testcase> <!-- BookingsBtn -->
  <system-out/>
  <testcase classname="tcsionProject.Stage3.TestBookings3" name="BookVerificationTC006" time="0.000">
    <skipped/>
  </testcase> <!-- BookVerificationTC006 -->
  <system-out/>
  <testcase classname="tcsionProject.Stage3.TestBookings3" name="BookVerificationTC007" time="0.000">
    <skipped/>
  </testcase> <!-- BookVerificationTC007 -->
  <system-out/>
  <testcase classname="tcsionProject.Stage3.TestBookings3" name="BookVerificationTC008" time="0.000">
    <skipped/>
  </testcase> <!-- BookVerificationTC008 -->
  <system-out/>
  <testcase classname="tcsionProject.Stage3.TestBookings3" name="VerifyWeb" time="0.000">
    <skipped/>
  </testcase> <!-- VerifyWeb -->
  <system-out/>
  <testcase classname="tcsionProject.Stage3.TestBookings3" name="RevertChanges">
    <skipped/>
  </testcase> <!-- RevertChanges -->
  <system-out/>
</testsuite> <!-- tcsionProject.Stage3.TestBookings3 -->
