<?xml version="1.0" encoding="UTF-8"?>
<!-- Generated by org.testng.reporters.JUnitReportReporter -->
<testsuite hostname="LAPTOP-F5C4QKDE" failures="0" tests="1" name="tcsionProject.Stage1.TestBookings" time="2.690" errors="0" timestamp="2022-04-28T15:57:47 IST" skipped="0">
  <testcase classname="tcsionProject.Stage1.TestBookings" name="mybookings" time="2.690"/>
  <system-out/>
</testsuite> <!-- tcsionProject.Stage1.TestBookings -->
