<?xml version="1.0" encoding="UTF-8"?>
<!-- Generated by org.testng.reporters.JUnitReportReporter -->
<testsuite hostname="LAPTOP-F5C4QKDE" failures="0" tests="5" name="tcsionProject.Stage3.TestLogin3" time="23.964" errors="0" timestamp="2022-05-06T17:17:31 IST" skipped="3">
  <testcase classname="tcsionProject.Stage3.TestLogin3" name="logindemo3" time="3.889"/>
  <system-out/>
  <testcase classname="tcsionProject.Stage3.TestLogin3" name="validLoginTC004" time="20.075"/>
  <system-out/>
  <testcase classname="tcsionProject.Stage3.TestLogin3" name="invalidLoginTC001">
    <skipped/>
  </testcase> <!-- invalidLoginTC001 -->
  <system-out/>
  <testcase classname="tcsionProject.Stage3.TestLogin3" name="invalidLoginTC003">
    <skipped/>
  </testcase> <!-- invalidLoginTC003 -->
  <system-out/>
  <testcase classname="tcsionProject.Stage3.TestLogin3" name="invalidLoginTC002">
    <skipped/>
  </testcase> <!-- invalidLoginTC002 -->
  <system-out/>
</testsuite> <!-- tcsionProject.Stage3.TestLogin3 -->
