<?xml version="1.0" encoding="UTF-8"?>
<!-- Generated by org.testng.reporters.JUnitReportReporter -->
<testsuite hostname="LAPTOP-F5C4QKDE" failures="0" tests="5" name="tcsionProject.Stage1.TestLogin" time="39.735" errors="0" timestamp="2022-05-11T21:49:55 IST" skipped="0">
  <testcase classname="tcsionProject.Stage1.TestLogin" name="logindemo1" time="3.858"/>
  <system-out/>
  <testcase classname="tcsionProject.Stage1.TestLogin" name="invalidLoginTC001" time="12.445"/>
  <system-out/>
  <testcase classname="tcsionProject.Stage1.TestLogin" name="invalidLoginTC002" time="7.955"/>
  <system-out/>
  <testcase classname="tcsionProject.Stage1.TestLogin" name="invalidLoginTC003" time="7.335"/>
  <system-out/>
  <testcase classname="tcsionProject.Stage1.TestLogin" name="validLoginTC004" time="8.142"/>
  <system-out/>
</testsuite> <!-- tcsionProject.Stage1.TestLogin -->
