<?xml version="1.0" encoding="UTF-8"?>
<!-- Generated by org.testng.reporters.JUnitReportReporter -->
<testsuite hostname="LAPTOP-F5C4QKDE" failures="0" tests="5" name="tcsionProject.Stage2.TestLogin2" time="34.183" errors="0" timestamp="2022-05-06T17:19:21 IST" skipped="0">
  <testcase classname="tcsionProject.Stage2.TestLogin2" name="logindemo2" time="3.954"/>
  <system-out/>
  <testcase classname="tcsionProject.Stage2.TestLogin2" name="invalidLoginTC001" time="8.532"/>
  <system-out/>
  <testcase classname="tcsionProject.Stage2.TestLogin2" name="invalidLoginTC002" time="7.353"/>
  <system-out/>
  <testcase classname="tcsionProject.Stage2.TestLogin2" name="invalidLoginTC003" time="7.257"/>
  <system-out/>
  <testcase classname="tcsionProject.Stage2.TestLogin2" name="validLoginTC004" time="7.087"/>
  <system-out/>
</testsuite> <!-- tcsionProject.Stage2.TestLogin2 -->
