<?xml version="1.0" encoding="UTF-8"?>
<!-- Generated by org.testng.reporters.JUnitReportReporter -->
<testsuite hostname="LAPTOP-F5C4QKDE" failures="0" tests="4" name="tcsionProject.Stage2.TestAddFund2" time="19.710" errors="0" timestamp="2022-05-06T17:19:21 IST" skipped="0">
  <testcase classname="tcsionProject.Stage2.TestAddFund2" name="verifymybooking" time="1.435"/>
  <system-out/>
  <testcase classname="tcsionProject.Stage2.TestAddFund2" name="addfund2" time="1.317"/>
  <system-out/>
  <testcase classname="tcsionProject.Stage2.TestAddFund2" name="verifyprofile2" time="15.125"/>
  <system-out/>
  <testcase classname="tcsionProject.Stage2.TestAddFund2" name="verifylogout2" time="1.833"/>
  <system-out/>
</testsuite> <!-- tcsionProject.Stage2.TestAddFund2 -->
