<?xml version="1.0" encoding="UTF-8"?>
<!-- Generated by org.testng.reporters.JUnitReportReporter -->
<testsuite hostname="LAPTOP-F5C4QKDE" failures="0" tests="3" name="tcsionProject.Stage1.TestAddFund" time="13.734" errors="0" timestamp="2022-05-06T17:20:45 IST" skipped="0">
  <testcase classname="tcsionProject.Stage1.TestAddFund" name="addfund" time="3.315"/>
  <system-out/>
  <testcase classname="tcsionProject.Stage1.TestAddFund" name="myprofile" time="8.375"/>
  <system-out/>
  <testcase classname="tcsionProject.Stage1.TestAddFund" name="Log" time="2.044"/>
  <system-out/>
</testsuite> <!-- tcsionProject.Stage1.TestAddFund -->
