<?xml version="1.0" encoding="UTF-8"?>
<!-- Generated by org.testng.reporters.JUnitReportReporter -->
<testsuite hostname="LAPTOP-F5C4QKDE" failures="0" tests="5" name="tcsionProject.Stage3.TestLogin3" time="41.421" errors="0" timestamp="2022-05-11T21:55:16 IST" skipped="0">
  <testcase classname="tcsionProject.Stage3.TestLogin3" name="logindemo3" time="3.418"/>
  <system-out/>
  <testcase classname="tcsionProject.Stage3.TestLogin3" name="invalidLoginTC001" time="8.008"/>
  <system-out/>
  <testcase classname="tcsionProject.Stage3.TestLogin3" name="invalidLoginTC002" time="7.241"/>
  <system-out/>
  <testcase classname="tcsionProject.Stage3.TestLogin3" name="invalidLoginTC003" time="10.084"/>
  <system-out/>
  <testcase classname="tcsionProject.Stage3.TestLogin3" name="validLoginTC004" time="12.670"/>
  <system-out/>
</testsuite> <!-- tcsionProject.Stage3.TestLogin3 -->
