<?xml version="1.0" encoding="UTF-8"?>
<!-- Generated by org.testng.reporters.JUnitReportReporter -->
<testsuite hostname="LAPTOP-F5C4QKDE" failures="0" tests="5" name="tcsionProject.Stage4.TestLogin4" time="37.878" errors="0" timestamp="2022-04-29T15:40:35 IST" skipped="0">
  <testcase classname="tcsionProject.Stage4.TestLogin4" name="logindemo4" time="3.580"/>
  <system-out/>
  <testcase classname="tcsionProject.Stage4.TestLogin4" name="invalidLoginTC001" time="9.049"/>
  <system-out/>
  <testcase classname="tcsionProject.Stage4.TestLogin4" name="invalidLoginTC002" time="7.777"/>
  <system-out/>
  <testcase classname="tcsionProject.Stage4.TestLogin4" name="invalidLoginTC003" time="7.490"/>
  <system-out/>
  <testcase classname="tcsionProject.Stage4.TestLogin4" name="validLoginTC004" time="9.982"/>
  <system-out/>
</testsuite> <!-- tcsionProject.Stage4.TestLogin4 -->
