<?xml version="1.0" encoding="UTF-8"?>
<!-- Generated by org.testng.reporters.JUnitReportReporter -->
<testsuite hostname="LAPTOP-F5C4QKDE" failures="0" tests="5" name="tcsionProject.Stage4.TestLogin4" time="34.409" errors="0" timestamp="2022-05-12T10:00:15 IST" skipped="0">
  <testcase classname="tcsionProject.Stage4.TestLogin4" name="logindemo4" time="3.871"/>
  <system-out/>
  <testcase classname="tcsionProject.Stage4.TestLogin4" name="invalidLoginTC001" time="9.460"/>
  <system-out/>
  <testcase classname="tcsionProject.Stage4.TestLogin4" name="invalidLoginTC002" time="6.634"/>
  <system-out/>
  <testcase classname="tcsionProject.Stage4.TestLogin4" name="invalidLoginTC003" time="6.766"/>
  <system-out/>
  <testcase classname="tcsionProject.Stage4.TestLogin4" name="validLoginTC004" time="7.678"/>
  <system-out/>
</testsuite> <!-- tcsionProject.Stage4.TestLogin4 -->
