<?xml version="1.0" encoding="UTF-8"?>
<!-- Generated by org.testng.reporters.JUnitReportReporter -->
<testsuite hostname="LAPTOP-F5C4QKDE" failures="0" tests="4" name="tcsionProject.Stage2.TestAddFund2" time="19.496" errors="0" timestamp="2022-05-10T19:44:06 IST" skipped="0">
  <testcase classname="tcsionProject.Stage2.TestAddFund2" name="verifymybooking" time="1.266"/>
  <system-out/>
  <testcase classname="tcsionProject.Stage2.TestAddFund2" name="addfund2" time="1.331"/>
  <system-out/>
  <testcase classname="tcsionProject.Stage2.TestAddFund2" name="verifyprofile2" time="15.225"/>
  <system-out/>
  <testcase classname="tcsionProject.Stage2.TestAddFund2" name="verifylogout2" time="1.674"/>
  <system-out/>
</testsuite> <!-- tcsionProject.Stage2.TestAddFund2 -->
