<?xml version="1.0" encoding="UTF-8"?>
<!-- Generated by org.testng.reporters.JUnitReportReporter -->
<testsuite hostname="LAPTOP-F5C4QKDE" failures="0" tests="10" name="tcsionProject.Stage2.TestLanding" time="32.048" errors="0" timestamp="2022-05-11T21:52:17 IST" skipped="0">
  <testcase classname="tcsionProject.Stage2.TestLanding" name="verifyhome" time="3.239"/>
  <system-out/>
  <testcase classname="tcsionProject.Stage2.TestLanding" name="verifyhotels" time="1.494"/>
  <system-out/>
  <testcase classname="tcsionProject.Stage2.TestLanding" name="verifyflights" time="1.364"/>
  <system-out/>
  <testcase classname="tcsionProject.Stage2.TestLanding" name="verifytours" time="3.075"/>
  <system-out/>
  <testcase classname="tcsionProject.Stage2.TestLanding" name="verifyvisa" time="1.186"/>
  <system-out/>
  <testcase classname="tcsionProject.Stage2.TestLanding" name="verifyblog" time="3.101"/>
  <system-out/>
  <testcase classname="tcsionProject.Stage2.TestLanding" name="verifyoffers" time="1.805"/>
  <system-out/>
  <testcase classname="tcsionProject.Stage2.TestLanding" name="verifycompany" time="1.210"/>
  <system-out/>
  <testcase classname="tcsionProject.Stage2.TestLanding" name="verifyusd" time="3.454"/>
  <system-out/>
  <testcase classname="tcsionProject.Stage2.TestLanding" name="verifysearch" time="12.120"/>
  <system-out/>
</testsuite> <!-- tcsionProject.Stage2.TestLanding -->
