<?xml version="1.0" encoding="UTF-8"?>
<!-- Generated by org.testng.reporters.JUnitReportReporter -->
<testsuite hostname="LAPTOP-F5C4QKDE" failures="0" tests="5" name="tcsionProject.Stage1.TestLogin" time="32.376" errors="0" timestamp="2022-05-06T17:20:45 IST" skipped="0">
  <testcase classname="tcsionProject.Stage1.TestLogin" name="logindemo1" time="3.841"/>
  <system-out/>
  <testcase classname="tcsionProject.Stage1.TestLogin" name="invalidLoginTC001" time="6.698"/>
  <system-out/>
  <testcase classname="tcsionProject.Stage1.TestLogin" name="invalidLoginTC002" time="6.990"/>
  <system-out/>
  <testcase classname="tcsionProject.Stage1.TestLogin" name="invalidLoginTC003" time="7.327"/>
  <system-out/>
  <testcase classname="tcsionProject.Stage1.TestLogin" name="validLoginTC004" time="7.520"/>
  <system-out/>
</testsuite> <!-- tcsionProject.Stage1.TestLogin -->
