<?xml version="1.0" encoding="UTF-8"?>
<!-- Generated by org.testng.reporters.JUnitReportReporter -->
<testsuite hostname="LAPTOP-F5C4QKDE" failures="0" tests="3" name="tcsionProject.Stage4.TestLanding4" time="17.571" errors="0" timestamp="2022-05-10T19:35:56 IST" skipped="0">
  <testcase classname="tcsionProject.Stage4.TestLanding4" name="VerifyDash" time="5.403"/>
  <system-out/>
  <testcase classname="tcsionProject.Stage4.TestLanding4" name="Verifytour4" time="9.652"/>
  <system-out/>
  <testcase classname="tcsionProject.Stage4.TestLanding4" name="Verifybooking4" time="2.516"/>
  <system-out/>
</testsuite> <!-- tcsionProject.Stage4.TestLanding4 -->
