<?xml version="1.0" encoding="UTF-8"?>
<!-- Generated by org.testng.reporters.JUnitReportReporter -->
<testsuite hostname="LAPTOP-F5C4QKDE" failures="0" tests="4" name="tcsionProject.Stage2.TestAddFund2" time="17.853" errors="0" timestamp="2022-04-29T15:31:54 IST" skipped="0">
  <testcase classname="tcsionProject.Stage2.TestAddFund2" name="verifymybooking" time="1.140"/>
  <system-out/>
  <testcase classname="tcsionProject.Stage2.TestAddFund2" name="addfund2" time="1.002"/>
  <system-out/>
  <testcase classname="tcsionProject.Stage2.TestAddFund2" name="verifyprofile2" time="14.215"/>
  <system-out/>
  <testcase classname="tcsionProject.Stage2.TestAddFund2" name="verifylogout2" time="1.496"/>
  <system-out/>
</testsuite> <!-- tcsionProject.Stage2.TestAddFund2 -->
