<?xml version="1.0" encoding="UTF-8"?>
<!-- Generated by org.testng.reporters.JUnitReportReporter -->
<testsuite hostname="LAPTOP-F5C4QKDE" failures="0" tests="5" name="tcsionProject.Stage1.TestLogin" time="33.533" errors="0" timestamp="2022-05-10T19:45:43 IST" skipped="0">
  <testcase classname="tcsionProject.Stage1.TestLogin" name="logindemo1" time="4.099"/>
  <system-out/>
  <testcase classname="tcsionProject.Stage1.TestLogin" name="invalidLoginTC001" time="6.574"/>
  <system-out/>
  <testcase classname="tcsionProject.Stage1.TestLogin" name="invalidLoginTC002" time="7.901"/>
  <system-out/>
  <testcase classname="tcsionProject.Stage1.TestLogin" name="invalidLoginTC003" time="7.560"/>
  <system-out/>
  <testcase classname="tcsionProject.Stage1.TestLogin" name="validLoginTC004" time="7.399"/>
  <system-out/>
</testsuite> <!-- tcsionProject.Stage1.TestLogin -->
