<?xml version="1.0" encoding="UTF-8"?>
<!-- Generated by org.testng.reporters.JUnitReportReporter -->
<testsuite hostname="LAPTOP-F5C4QKDE" failures="0" tests="5" name="tcsionProject.Stage3.TestLogin3" time="25.119" errors="0" timestamp="2022-04-29T15:44:10 IST" skipped="3">
  <testcase classname="tcsionProject.Stage3.TestLogin3" name="logindemo3" time="3.734"/>
  <system-out/>
  <testcase classname="tcsionProject.Stage3.TestLogin3" name="validLoginTC004" time="21.385"/>
  <system-out/>
  <testcase classname="tcsionProject.Stage3.TestLogin3" name="invalidLoginTC001">
    <skipped/>
  </testcase> <!-- invalidLoginTC001 -->
  <system-out/>
  <testcase classname="tcsionProject.Stage3.TestLogin3" name="invalidLoginTC003">
    <skipped/>
  </testcase> <!-- invalidLoginTC003 -->
  <system-out/>
  <testcase classname="tcsionProject.Stage3.TestLogin3" name="invalidLoginTC002">
    <skipped/>
  </testcase> <!-- invalidLoginTC002 -->
  <system-out/>
</testsuite> <!-- tcsionProject.Stage3.TestLogin3 -->
