<?xml version="1.0" encoding="UTF-8"?>
<!-- Generated by org.testng.reporters.JUnitReportReporter -->
<testsuite hostname="LAPTOP-F5C4QKDE" failures="0" tests="5" name="tcsionProject.Stage2.TestLogin2" time="31.155" errors="0" timestamp="2022-04-29T15:31:54 IST" skipped="0">
  <testcase classname="tcsionProject.Stage2.TestLogin2" name="logindemo2" time="3.801"/>
  <system-out/>
  <testcase classname="tcsionProject.Stage2.TestLogin2" name="invalidLoginTC001" time="7.197"/>
  <system-out/>
  <testcase classname="tcsionProject.Stage2.TestLogin2" name="invalidLoginTC002" time="6.434"/>
  <system-out/>
  <testcase classname="tcsionProject.Stage2.TestLogin2" name="invalidLoginTC003" time="7.114"/>
  <system-out/>
  <testcase classname="tcsionProject.Stage2.TestLogin2" name="validLoginTC004" time="6.609"/>
  <system-out/>
</testsuite> <!-- tcsionProject.Stage2.TestLogin2 -->
