<?xml version="1.0" encoding="UTF-8"?>
<!-- Generated by org.testng.reporters.JUnitReportReporter -->
<testsuite hostname="LAPTOP-F5C4QKDE" failures="0" tests="1" name="tcsionProject.Stage1.TestBookings" time="3.163" errors="0" timestamp="2022-05-06T17:20:46 IST" skipped="0">
  <testcase classname="tcsionProject.Stage1.TestBookings" name="mybookings" time="3.163"/>
  <system-out/>
</testsuite> <!-- tcsionProject.Stage1.TestBookings -->
