<?xml version="1.0" encoding="UTF-8"?>
<!-- Generated by org.testng.reporters.JUnitReportReporter -->
<testsuite hostname="LAPTOP-F5C4QKDE" failures="0" tests="3" name="tcsionProject.Stage1.TestAddFund" time="12.893" errors="0" timestamp="2022-04-28T15:57:47 IST" skipped="0">
  <testcase classname="tcsionProject.Stage1.TestAddFund" name="addfund" time="2.861"/>
  <system-out/>
  <testcase classname="tcsionProject.Stage1.TestAddFund" name="myprofile" time="7.912"/>
  <system-out/>
  <testcase classname="tcsionProject.Stage1.TestAddFund" name="Log" time="2.120"/>
  <system-out/>
</testsuite> <!-- tcsionProject.Stage1.TestAddFund -->
