<?xml version="1.0" encoding="UTF-8"?>
<!-- Generated by org.testng.reporters.JUnitReportReporter -->
<testsuite hostname="LAPTOP-F5C4QKDE" failures="0" tests="6" name="tcsionProject.Stage3.TestBookings3" time="4.356" errors="0" timestamp="2022-04-29T15:44:10 IST" skipped="1">
  <testcase classname="tcsionProject.Stage3.TestBookings3" name="BookingsBtn" time="4.233"/>
  <system-out/>
  <testcase classname="tcsionProject.Stage3.TestBookings3" name="BookVerificationTC006" time="0.032"/>
  <system-out/>
  <testcase classname="tcsionProject.Stage3.TestBookings3" name="BookVerificationTC007" time="0.014"/>
  <system-out/>
  <testcase classname="tcsionProject.Stage3.TestBookings3" name="BookVerificationTC008" time="0.015"/>
  <system-out/>
  <testcase classname="tcsionProject.Stage3.TestBookings3" name="VerifyWeb" time="0.062"/>
  <system-out/>
  <testcase classname="tcsionProject.Stage3.TestBookings3" name="RevertChanges">
    <skipped/>
  </testcase> <!-- RevertChanges -->
  <system-out/>
</testsuite> <!-- tcsionProject.Stage3.TestBookings3 -->
