<?xml version="1.0" encoding="UTF-8"?>
<!-- Generated by org.testng.reporters.JUnitReportReporter -->
<testsuite hostname="LAPTOP-F5C4QKDE" failures="0" tests="5" name="tcsionProject.Stage1.TestLogin" time="33.406" errors="0" timestamp="2022-04-28T15:57:47 IST" skipped="0">
  <testcase classname="tcsionProject.Stage1.TestLogin" name="logindemo1" time="3.688"/>
  <system-out/>
  <testcase classname="tcsionProject.Stage1.TestLogin" name="invalidLoginTC001" time="10.065"/>
  <system-out/>
  <testcase classname="tcsionProject.Stage1.TestLogin" name="invalidLoginTC002" time="6.680"/>
  <system-out/>
  <testcase classname="tcsionProject.Stage1.TestLogin" name="invalidLoginTC003" time="6.678"/>
  <system-out/>
  <testcase classname="tcsionProject.Stage1.TestLogin" name="validLoginTC004" time="6.295"/>
  <system-out/>
</testsuite> <!-- tcsionProject.Stage1.TestLogin -->
