<?xml version="1.0" encoding="UTF-8"?>
<!-- Generated by org.testng.reporters.JUnitReportReporter -->
<testsuite hostname="LAPTOP-F5C4QKDE" failures="0" tests="3" name="tcsionProject.Stage4.TestLanding4" time="17.065" errors="0" timestamp="2022-05-06T17:22:04 IST" skipped="0">
  <testcase classname="tcsionProject.Stage4.TestLanding4" name="VerifyDash" time="5.122"/>
  <system-out/>
  <testcase classname="tcsionProject.Stage4.TestLanding4" name="Verifytour4" time="9.494"/>
  <system-out/>
  <testcase classname="tcsionProject.Stage4.TestLanding4" name="Verifybooking4" time="2.449"/>
  <system-out/>
</testsuite> <!-- tcsionProject.Stage4.TestLanding4 -->
