<?xml version="1.0" encoding="UTF-8"?>
<!-- Generated by org.testng.reporters.JUnitReportReporter -->
<testsuite hostname="LAPTOP-F5C4QKDE" failures="0" tests="5" name="tcsionProject.Stage4.TestLogin4" time="32.107" errors="0" timestamp="2022-05-11T21:56:46 IST" skipped="0">
  <testcase classname="tcsionProject.Stage4.TestLogin4" name="logindemo4" time="3.639"/>
  <system-out/>
  <testcase classname="tcsionProject.Stage4.TestLogin4" name="invalidLoginTC001" time="7.553"/>
  <system-out/>
  <testcase classname="tcsionProject.Stage4.TestLogin4" name="invalidLoginTC002" time="6.481"/>
  <system-out/>
  <testcase classname="tcsionProject.Stage4.TestLogin4" name="invalidLoginTC003" time="7.392"/>
  <system-out/>
  <testcase classname="tcsionProject.Stage4.TestLogin4" name="validLoginTC004" time="7.042"/>
  <system-out/>
</testsuite> <!-- tcsionProject.Stage4.TestLogin4 -->
