<?xml version="1.0" encoding="UTF-8"?>
<!-- Generated by org.testng.reporters.JUnitReportReporter -->
<testsuite hostname="LAPTOP-F5C4QKDE" failures="0" tests="3" name="tcsionProject.Stage1.TestAddFund" time="13.689" errors="0" timestamp="2022-05-10T19:45:43 IST" skipped="0">
  <testcase classname="tcsionProject.Stage1.TestAddFund" name="addfund" time="3.613"/>
  <system-out/>
  <testcase classname="tcsionProject.Stage1.TestAddFund" name="myprofile" time="8.530"/>
  <system-out/>
  <testcase classname="tcsionProject.Stage1.TestAddFund" name="Log" time="1.546"/>
  <system-out/>
</testsuite> <!-- tcsionProject.Stage1.TestAddFund -->
