<?xml version="1.0" encoding="UTF-8"?>
<!-- Generated by org.testng.reporters.JUnitReportReporter -->
<testsuite hostname="LAPTOP-F5C4QKDE" failures="0" tests="3" name="tcsionProject.Stage4.TestLanding4" time="17.737" errors="0" timestamp="2022-05-11T21:56:46 IST" skipped="0">
  <testcase classname="tcsionProject.Stage4.TestLanding4" name="VerifyDash" time="5.218"/>
  <system-out/>
  <testcase classname="tcsionProject.Stage4.TestLanding4" name="Verifytour4" time="10.147"/>
  <system-out/>
  <testcase classname="tcsionProject.Stage4.TestLanding4" name="Verifybooking4" time="2.372"/>
  <system-out/>
</testsuite> <!-- tcsionProject.Stage4.TestLanding4 -->
