<?xml version="1.0" encoding="UTF-8"?>
<!-- Generated by org.testng.reporters.JUnitReportReporter -->
<testsuite hostname="LAPTOP-F5C4QKDE" failures="0" tests="6" name="tcsionProject.Stage3.TestBookings3" time="8.631" errors="0" timestamp="2022-05-11T21:55:16 IST" skipped="1">
  <testcase classname="tcsionProject.Stage3.TestBookings3" name="BookingsBtn" time="4.250"/>
  <system-out/>
  <testcase classname="tcsionProject.Stage3.TestBookings3" name="BookVerificationTC006" time="0.035"/>
  <system-out/>
  <testcase classname="tcsionProject.Stage3.TestBookings3" name="BookVerificationTC007" time="0.013"/>
  <system-out/>
  <testcase classname="tcsionProject.Stage3.TestBookings3" name="BookVerificationTC008" time="4.286"/>
  <system-out/>
  <testcase classname="tcsionProject.Stage3.TestBookings3" name="VerifyWeb" time="0.047"/>
  <system-out/>
  <testcase classname="tcsionProject.Stage3.TestBookings3" name="RevertChanges">
    <skipped/>
  </testcase> <!-- RevertChanges -->
  <system-out/>
</testsuite> <!-- tcsionProject.Stage3.TestBookings3 -->
