<?xml version="1.0" encoding="UTF-8"?>
<!-- Generated by org.testng.reporters.JUnitReportReporter -->
<testsuite hostname="LAPTOP-F5C4QKDE" failures="0" tests="5" name="tcsionProject.Stage4.TestLogin4" time="31.592" errors="0" timestamp="2022-05-10T19:35:56 IST" skipped="0">
  <testcase classname="tcsionProject.Stage4.TestLogin4" name="logindemo4" time="3.870"/>
  <system-out/>
  <testcase classname="tcsionProject.Stage4.TestLogin4" name="invalidLoginTC001" time="8.739"/>
  <system-out/>
  <testcase classname="tcsionProject.Stage4.TestLogin4" name="invalidLoginTC002" time="7.034"/>
  <system-out/>
  <testcase classname="tcsionProject.Stage4.TestLogin4" name="invalidLoginTC003" time="6.301"/>
  <system-out/>
  <testcase classname="tcsionProject.Stage4.TestLogin4" name="validLoginTC004" time="5.648"/>
  <system-out/>
</testsuite> <!-- tcsionProject.Stage4.TestLogin4 -->
