<?xml version="1.0" encoding="UTF-8"?>
<!-- Generated by org.testng.reporters.JUnitReportReporter -->
<testsuite hostname="LAPTOP-F5C4QKDE" failures="0" tests="5" name="tcsionProject.Stage4.TestLogin4" time="28.853" errors="0" timestamp="2022-05-06T17:22:04 IST" skipped="0">
  <testcase classname="tcsionProject.Stage4.TestLogin4" name="logindemo4" time="3.605"/>
  <system-out/>
  <testcase classname="tcsionProject.Stage4.TestLogin4" name="invalidLoginTC001" time="6.682"/>
  <system-out/>
  <testcase classname="tcsionProject.Stage4.TestLogin4" name="invalidLoginTC002" time="6.966"/>
  <system-out/>
  <testcase classname="tcsionProject.Stage4.TestLogin4" name="invalidLoginTC003" time="5.520"/>
  <system-out/>
  <testcase classname="tcsionProject.Stage4.TestLogin4" name="validLoginTC004" time="6.080"/>
  <system-out/>
</testsuite> <!-- tcsionProject.Stage4.TestLogin4 -->
