<?xml version="1.0" encoding="UTF-8"?>
<!-- Generated by org.testng.reporters.JUnitReportReporter -->
<testsuite hostname="LAPTOP-F5C4QKDE" failures="0" tests="6" name="tcsionProject.Stage3.TestBookings3" time="9.108" errors="0" timestamp="2022-05-06T17:17:31 IST" skipped="1">
  <testcase classname="tcsionProject.Stage3.TestBookings3" name="BookingsBtn" time="4.451"/>
  <system-out/>
  <testcase classname="tcsionProject.Stage3.TestBookings3" name="BookVerificationTC006" time="0.029"/>
  <system-out/>
  <testcase classname="tcsionProject.Stage3.TestBookings3" name="BookVerificationTC007" time="0.024"/>
  <system-out/>
  <testcase classname="tcsionProject.Stage3.TestBookings3" name="BookVerificationTC008" time="4.538"/>
  <system-out/>
  <testcase classname="tcsionProject.Stage3.TestBookings3" name="VerifyWeb" time="0.066"/>
  <system-out/>
  <testcase classname="tcsionProject.Stage3.TestBookings3" name="RevertChanges">
    <skipped/>
  </testcase> <!-- RevertChanges -->
  <system-out/>
</testsuite> <!-- tcsionProject.Stage3.TestBookings3 -->
