<?xml version="1.0" encoding="UTF-8"?>
<!-- Generated by org.testng.reporters.JUnitReportReporter -->
<testsuite hostname="LAPTOP-F5C4QKDE" failures="0" tests="10" name="tcsionProject.Stage2.TestLanding" time="28.193" errors="0" timestamp="2022-05-06T17:19:21 IST" skipped="0">
  <testcase classname="tcsionProject.Stage2.TestLanding" name="verifyhome" time="2.740"/>
  <system-out/>
  <testcase classname="tcsionProject.Stage2.TestLanding" name="verifyhotels" time="1.347"/>
  <system-out/>
  <testcase classname="tcsionProject.Stage2.TestLanding" name="verifyflights" time="1.575"/>
  <system-out/>
  <testcase classname="tcsionProject.Stage2.TestLanding" name="verifytours" time="1.537"/>
  <system-out/>
  <testcase classname="tcsionProject.Stage2.TestLanding" name="verifyvisa" time="1.585"/>
  <system-out/>
  <testcase classname="tcsionProject.Stage2.TestLanding" name="verifyblog" time="1.437"/>
  <system-out/>
  <testcase classname="tcsionProject.Stage2.TestLanding" name="verifyoffers" time="1.383"/>
  <system-out/>
  <testcase classname="tcsionProject.Stage2.TestLanding" name="verifycompany" time="1.126"/>
  <system-out/>
  <testcase classname="tcsionProject.Stage2.TestLanding" name="verifyusd" time="2.501"/>
  <system-out/>
  <testcase classname="tcsionProject.Stage2.TestLanding" name="verifysearch" time="12.962"/>
  <system-out/>
</testsuite> <!-- tcsionProject.Stage2.TestLanding -->
