<?xml version="1.0" encoding="UTF-8"?>
<!-- Generated by org.testng.reporters.JUnitReportReporter -->
<testsuite hostname="LAPTOP-F5C4QKDE" failures="0" tests="10" name="tcsionProject.Stage2.TestLanding" time="26.762" errors="0" timestamp="2022-05-10T19:44:06 IST" skipped="0">
  <testcase classname="tcsionProject.Stage2.TestLanding" name="verifyhome" time="2.972"/>
  <system-out/>
  <testcase classname="tcsionProject.Stage2.TestLanding" name="verifyhotels" time="1.282"/>
  <system-out/>
  <testcase classname="tcsionProject.Stage2.TestLanding" name="verifyflights" time="1.244"/>
  <system-out/>
  <testcase classname="tcsionProject.Stage2.TestLanding" name="verifytours" time="1.310"/>
  <system-out/>
  <testcase classname="tcsionProject.Stage2.TestLanding" name="verifyvisa" time="1.360"/>
  <system-out/>
  <testcase classname="tcsionProject.Stage2.TestLanding" name="verifyblog" time="1.440"/>
  <system-out/>
  <testcase classname="tcsionProject.Stage2.TestLanding" name="verifyoffers" time="1.352"/>
  <system-out/>
  <testcase classname="tcsionProject.Stage2.TestLanding" name="verifycompany" time="1.108"/>
  <system-out/>
  <testcase classname="tcsionProject.Stage2.TestLanding" name="verifyusd" time="2.808"/>
  <system-out/>
  <testcase classname="tcsionProject.Stage2.TestLanding" name="verifysearch" time="11.886"/>
  <system-out/>
</testsuite> <!-- tcsionProject.Stage2.TestLanding -->
